<?xml version="1.0" encoding="UTF-8"?>
<!--
  ~ Copyright (C) 2016 Inera AB (http://www.inera.se)
  ~
  ~ This file is part of sklintyg (https://github.com/sklintyg).
  ~
  ~ sklintyg is free software: you can redistribute it and/or modify
  ~ it under the terms of the GNU General Public License as published by
  ~ the Free Software Foundation, either version 3 of the License, or
  ~ (at your option) any later version.
  ~
  ~ sklintyg is distributed in the hope that it will be useful,
  ~ but WITHOUT ANY WARRANTY; without even the implied warranty of
  ~ MERCHANTABILITY or FITNESS FOR A PARTICULAR PURPOSE. See the
  ~ GNU General Public License for more details.
  ~
  ~ You should have received a copy of the GNU General Public License
  ~ along with this program.  If not, see <http://www.gnu.org/licenses/>.
  -->
<beans xmlns="http://www.springframework.org/schema/beans"
    xmlns:xsi="http://www.w3.org/2001/XMLSchema-instance"
    xmlns:cache="http://www.springframework.org/schema/cache"
    xmlns:context="http://www.springframework.org/schema/context"
    xsi:schemaLocation="
        http://www.springframework.org/schema/beans http://www.springframework.org/schema/beans/spring-beans.xsd
        http://www.springframework.org/schema/cache http://www.springframework.org/schema/cache/spring-cache.xsd
        http://www.springframework.org/schema/context http://www.springframework.org/schema/context/spring-context.xsd">

  <!-- NEVER forget this little gem. Without it, the @Cachable annotations doesn't have any effect whatsoever! -->
  <cache:annotation-driven cache-manager="cacheManager" />
  <bean class="se.inera.intyg.common.cache.core.BasicCacheConfiguration" />

  <!-- <context:component-scan base-package="se.inera.intyg.common.cache.config"/> -->
  <!-- Using same ugly practice of referencing cache xml config using relative path
  <import resource="../../../../src/main/resources/hsa-cache-config.xml"/>
  -->

  <context:component-scan base-package="se.inera.intyg.common.integration.hsa.cache"/>
  <context:component-scan base-package="se.inera.intyg.common.integration.hsa.client"/>
  <context:component-scan base-package="se.inera.intyg.common.integration.hsa.services"/>

  <bean class="se.inera.intyg.common.integration.hsa.stub.GetAuthorizationsForPersonResponderStub"/>
  <bean class="se.inera.intyg.common.integration.hsa.stub.GetEmployeeResponderStub"/>
  <bean class="se.inera.intyg.common.integration.hsa.stub.GetHealthCareUnitResponderStub"/>
  <bean class="se.inera.intyg.common.integration.hsa.stub.GetUnitResponderStub"/>
  <bean class="se.inera.intyg.common.integration.hsa.stub.GetHealthCareUnitMembersResponderStub"/>

  <bean class="se.inera.intyg.common.integration.hsa.stub.HsaServiceStub"/>

  <bean name="props" class="org.springframework.beans.factory.config.PropertyPlaceholderConfigurer">
    <property name="locations">
      <list>
        <value>classpath:services.properties</value>
      </list>
    </property>
  </bean>

</beans>
