<?xml version="1.0" encoding="UTF-8"?>
<!-- Copyright (C) 2013 Inera AB (http://www.inera.se) This file is part
  of Inera Certificate Web (http://code.google.com/p/inera-certificate-web).
  Inera Certificate Web is free software: you can redistribute it and/or modify
  it under the terms of the GNU Affero General Public License as published
  by the Free Software Foundation, either version 3 of the License, or (at
  your option) any later version. Inera Certificate Web is distributed in the
  hope that it will be useful, but WITHOUT ANY WARRANTY; without even the implied
  warranty of MERCHANTABILITY or FITNESS FOR A PARTICULAR PURPOSE. See the
  GNU Affero General Public License for more details. You should have received
  a copy of the GNU Affero General Public License along with this program.
  If not, see <http://www.gnu.org/licenses/>. -->
<beans xmlns="http://www.springframework.org/schema/beans" xmlns:xsi="http://www.w3.org/2001/XMLSchema-instance"
       xmlns:context="http://www.springframework.org/schema/context" xmlns:cache="http://www.springframework.org/schema/cache"
       xsi:schemaLocation="http://www.springframework.org/schema/beans http://www.springframework.org/schema/beans/spring-beans.xsd
        http://www.springframework.org/schema/cache http://www.springframework.org/schema/cache/spring-cache.xsd
        http://www.springframework.org/schema/context http://www.springframework.org/schema/context/spring-context.xsd">

    <bean class="com.fasterxml.jackson.databind.ObjectMapper"/>
    <bean class="se.inera.intyg.webcert.integration.pu.stub.PUBootstrapBean"/>
    <bean class="se.inera.intyg.webcert.integration.pu.stub.ResidentStore"/>

    <bean class="se.inera.intyg.webcert.integration.pu.services.PUServiceImpl"/>

    <bean class="se.inera.intyg.webcert.integration.pu.stub.LookupResidentForFullProfileWsStub"/>

    <import resource="../../classes/pu-cache-config.xml" />

</beans>
